<?xml version="1.0" encoding="UTF-8"?>
<testng-results ignored="0" total="1" passed="1" failed="0" skipped="0">
  <reporter-output>
  </reporter-output>
  <suite started-at="2026-03-29T14:23:25 EDT" name="Default suite" finished-at="2026-03-29T14:23:31 EDT" duration-ms="6209">
    <groups>
    </groups>
    <test started-at="2026-03-29T14:23:25 EDT" name="Default test" finished-at="2026-03-29T14:23:31 EDT" duration-ms="6209">
      <class name="part1.FirstSeleniumTest">
        <test-method is-config="true" signature="setUp()[pri:0, instance:part1.FirstSeleniumTest@408d971b]" started-at="2026-03-29T14:23:25 EDT" name="setUp" finished-at="2026-03-29T14:23:27 EDT" duration-ms="1994" status="PASS">
          <reporter-output>
          </reporter-output>
        </test-method> <!-- setUp -->
        <test-method signature="testLoggingIntoApplication()[pri:0, instance:part1.FirstSeleniumTest@408d971b]" started-at="2026-03-29T14:23:27 EDT" name="testLoggingIntoApplication" finished-at="2026-03-29T14:23:31 EDT" duration-ms="4183" status="PASS">
          <reporter-output>
          </reporter-output>
        </test-method> <!-- testLoggingIntoApplication -->
        <test-method is-config="true" signature="tearDown()[pri:0, instance:part1.FirstSeleniumTest@408d971b]" started-at="2026-03-29T14:23:31 EDT" name="tearDown" finished-at="2026-03-29T14:23:31 EDT" duration-ms="1" status="PASS">
          <reporter-output>
          </reporter-output>
        </test-method> <!-- tearDown -->
      </class> <!-- part1.FirstSeleniumTest -->
    </test> <!-- Default test -->
  </suite> <!-- Default suite -->
</testng-results>
