<?xml version="1.0" encoding="UTF-8"?>
<testng-results ignored="0" total="1" passed="1" failed="0" skipped="0">
  <reporter-output>
  </reporter-output>
  <suite started-at="2026-03-29T21:44:08 EDT" name="Default suite" finished-at="2026-03-29T21:44:10 EDT" duration-ms="1899">
    <groups>
    </groups>
    <test started-at="2026-03-29T21:44:08 EDT" name="Default test" finished-at="2026-03-29T21:44:10 EDT" duration-ms="1899">
      <class name="part2.com.saucedemo.tests.products.ProductsTest">
        <test-method is-config="true" signature="setUp()[pri:0, instance:part2.com.saucedemo.tests.products.ProductsTest@c730b35]" started-at="2026-03-29T21:44:08 EDT" name="setUp" finished-at="2026-03-29T21:44:10 EDT" duration-ms="1426" status="PASS">
          <reporter-output>
          </reporter-output>
        </test-method> <!-- setUp -->
        <test-method signature="testProductsHeaderIsDisplayed()[pri:0, instance:part2.com.saucedemo.tests.products.ProductsTest@c730b35]" started-at="2026-03-29T21:44:10 EDT" name="testProductsHeaderIsDisplayed" finished-at="2026-03-29T21:44:10 EDT" duration-ms="324" status="PASS">
          <reporter-output>
          </reporter-output>
        </test-method> <!-- testProductsHeaderIsDisplayed -->
        <test-method is-config="true" signature="tearDown()[pri:0, instance:part2.com.saucedemo.tests.products.ProductsTest@c730b35]" started-at="2026-03-29T21:44:10 EDT" name="tearDown" finished-at="2026-03-29T21:44:10 EDT" duration-ms="114" status="PASS">
          <reporter-output>
          </reporter-output>
        </test-method> <!-- tearDown -->
      </class> <!-- part2.com.saucedemo.tests.products.ProductsTest -->
    </test> <!-- Default test -->
  </suite> <!-- Default suite -->
</testng-results>
